INFO  Start processing
INFO  Hexo is running at http://localhost:4000 . Press Ctrl+C to stop.
INFO  Bye!
Usage: hexo <command>

Commands:
  clean     Remove generated files and cache.
  config    Get or set configurations.
  deploy    Deploy your website.
  generate  Generate static files.
  help      Get help on a command.
  init      Create a new Hexo folder.
  list      List the information of the site
  migrate   Migrate your site from other system to Hexo.
  new       Create a new post.
  publish   Moves a draft post from _drafts to _posts folder.
  render    Render files with renderer plugins.
  server    Start the server.
  version   Display version information.

Global Options:
  --config  Specify config file instead of using _config.yml
  --cwd     Specify the CWD
  --debug   Display all verbose messages in the terminal
  --draft   Display draft posts
  --safe    Disable all plugins and scripts
  --silent  Hide output on console

For more help, you can use 'hexo help [command]' for the detailed information
or you can check the docs: http://hexo.io/docs/
Usage: hexo <command>

Commands:
  clean     Remove generated files and cache.
  config    Get or set configurations.
  deploy    Deploy your website.
  generate  Generate static files.
  help      Get help on a command.
  init      Create a new Hexo folder.
  list      List the information of the site
  migrate   Migrate your site from other system to Hexo.
  new       Create a new post.
  publish   Moves a draft post from _drafts to _posts folder.
  render    Render files with renderer plugins.
  server    Start the server.
  version   Display version information.

Global Options:
  --config  Specify config file instead of using _config.yml
  --cwd     Specify the CWD
  --debug   Display all verbose messages in the terminal
  --draft   Display draft posts
  --safe    Disable all plugins and scripts
  --silent  Hide output on console

For more help, you can use 'hexo help [command]' for the detailed information
or you can check the docs: http://hexo.io/docs/
INFO  Start processing
update link as:-->/2019/05/09/CondenseNet/Figure1.png
update link as:-->/2019/05/09/CondenseNet/Figure2.png
update link as:-->/2019/05/09/CondenseNet/Figure3.png
update link as:-->/2019/05/09/CondenseNet/Figure4.png
update link as:-->/2019/05/09/CondenseNet/Figure5.png
update link as:-->/2019/05/09/CondenseNet/Figure6.png
update link as:-->/2019/05/09/CondenseNet/Figure7.png
update link as:-->/2019/05/09/CondenseNet/Figure8.png
update link as:-->/2019/05/09/CondenseNet/Table1.png
update link as:-->/2019/05/09/CondenseNet/Table2.png
update link as:-->/2019/05/09/CondenseNet/Table3.png
update link as:-->/2019/05/09/CondenseNet/Table4.png
update link as:-->/2019/05/09/CondenseNet/Figure1.png
update link as:-->/2019/05/09/CondenseNet/Figure2.png
update link as:-->/2019/05/09/CondenseNet/Figure3.png
update link as:-->/2019/05/09/CondenseNet/Figure4.png
update link as:-->/2019/05/09/CondenseNet/Figure5.png
update link as:-->/2019/05/09/CondenseNet/Figure6.png
update link as:-->/2019/05/09/CondenseNet/Figure7.png
update link as:-->/2019/05/09/CondenseNet/Figure8.png
update link as:-->/2019/05/09/CondenseNet/Table1.png
update link as:-->/2019/05/09/CondenseNet/Table2.png
update link as:-->/2019/05/09/CondenseNet/Table3.png
update link as:-->/2019/05/09/CondenseNet/Table4.png
update link as:-->/2019/07/19/EfficientNet/Figure1.png
update link as:-->/2019/07/19/EfficientNet/Figure2.png
update link as:-->/2019/07/19/EfficientNet/formulate1.png
update link as:-->/2019/07/19/EfficientNet/formulate2.png
update link as:-->/2019/07/19/EfficientNet/Figure3.png
update link as:-->/2019/07/19/EfficientNet/Figure4.png
update link as:-->/2019/07/19/EfficientNet/formulate3.png
update link as:-->/2019/07/19/EfficientNet/Table1.png
update link as:-->/2019/07/19/EfficientNet/Table2.png
update link as:-->/2019/07/19/EfficientNet/Table3.png
update link as:-->/2019/07/19/EfficientNet/Table4.png
update link as:-->/2019/07/19/EfficientNet/Table5.png
update link as:-->/2019/07/19/EfficientNet/Table6.png
update link as:-->/2019/07/19/EfficientNet/Table7.png
update link as:-->/2019/07/19/EfficientNet/Figure5.png
update link as:-->/2019/07/19/EfficientNet/Figure6.png
update link as:-->/2019/07/19/EfficientNet/Figure7.png
update link as:-->/2019/07/19/EfficientNet/Figure8.png
update link as:-->/2019/07/19/EfficientNet/Figure1.png
update link as:-->/2019/07/19/EfficientNet/Figure2.png
update link as:-->/2019/07/19/EfficientNet/formulate1.png
update link as:-->/2019/07/19/EfficientNet/formulate2.png
update link as:-->/2019/07/19/EfficientNet/Figure3.png
update link as:-->/2019/07/19/EfficientNet/Figure4.png
update link as:-->/2019/07/19/EfficientNet/formulate3.png
update link as:-->/2019/07/19/EfficientNet/Table1.png
update link as:-->/2019/07/19/EfficientNet/Table2.png
update link as:-->/2019/07/19/EfficientNet/Table3.png
update link as:-->/2019/07/19/EfficientNet/Table4.png
update link as:-->/2019/07/19/EfficientNet/Table5.png
update link as:-->/2019/07/19/EfficientNet/Table6.png
update link as:-->/2019/07/19/EfficientNet/Table7.png
update link as:-->/2019/07/19/EfficientNet/Figure5.png
update link as:-->/2019/07/19/EfficientNet/Figure6.png
update link as:-->/2019/07/19/EfficientNet/Figure7.png
update link as:-->/2019/07/19/EfficientNet/Figure8.png
update link as:-->/2019/06/03/MobileNetV3/Figure1.png
update link as:-->/2019/06/03/MobileNetV3/Figure2.png
update link as:-->/2019/06/03/MobileNetV3/Figure3.png
update link as:-->/2019/06/03/MobileNetV3/Figure4.png
update link as:-->/2019/06/03/MobileNetV3/Figure1.png
update link as:-->/2019/06/03/MobileNetV3/Figure2.png
update link as:-->/2019/06/03/MobileNetV3/Figure3.png
update link as:-->/2019/06/03/MobileNetV3/Figure4.png
update link as:-->/2019/01/23/MoblieNetV2/MobileNetV2_Figure1.png
update link as:-->/2019/01/23/MoblieNetV2/MobileNetV2_Figure2.png
update link as:-->/2019/01/23/MoblieNetV2/MobileNetV2_Figure3.png
update link as:-->/2019/01/23/MoblieNetV2/MobileNetV2_Table1.png
update link as:-->/2019/01/23/MoblieNetV2/MobileNetV2_Table2.png
update link as:-->/2019/01/23/MoblieNetV2/MobileNetV2_Figure4.png
update link as:-->/2019/01/23/MoblieNetV2/MobileNetV2_Figure5.png
update link as:-->/2019/01/23/MoblieNetV2/MobileNetV2_Figure6.png
update link as:-->/2019/01/23/MoblieNetV2/MobileNetV2_Table4.png
update link as:-->/2019/01/23/MoblieNetV2/MobileNetV2_Table5.png
update link as:-->/2019/01/23/MoblieNetV2/MobileNetV2_Table6.png
update link as:-->/2019/01/23/MoblieNetV2/MobileNetV2_Figure1.png
update link as:-->/2019/01/23/MoblieNetV2/MobileNetV2_Figure2.png
update link as:-->/2019/01/23/MoblieNetV2/MobileNetV2_Figure3.png
update link as:-->/2019/01/23/MoblieNetV2/MobileNetV2_Table1.png
update link as:-->/2019/01/23/MoblieNetV2/MobileNetV2_Table2.png
update link as:-->/2019/01/23/MoblieNetV2/MobileNetV2_Figure4.png
update link as:-->/2019/01/23/MoblieNetV2/MobileNetV2_Figure5.png
update link as:-->/2019/01/23/MoblieNetV2/MobileNetV2_Figure6.png
update link as:-->/2019/01/23/MoblieNetV2/MobileNetV2_Table4.png
update link as:-->/2019/01/23/MoblieNetV2/MobileNetV2_Table5.png
update link as:-->/2019/01/23/MoblieNetV2/MobileNetV2_Table6.png
update link as:-->/2019/03/18/Residual-Attention-Network/figure1.png
update link as:-->/2019/03/18/Residual-Attention-Network/figure1.png
update link as:-->/2019/01/23/ShuffleNet/ShuffleNet_figure_1.png
update link as:-->/2019/01/23/ShuffleNet/ShuffleNet_figure_2.png
update link as:-->/2019/01/23/ShuffleNet/ShuffleNet_table_1.png
update link as:-->/2019/01/23/ShuffleNet/ShuffleNet_figure_1.png
update link as:-->/2019/01/23/ShuffleNet/ShuffleNet_figure_2.png
update link as:-->/2019/01/23/ShuffleNet/ShuffleNet_table_1.png
update link as:-->/2019/01/23/ShuffleNetV2/ShuffleNetV2_Figure1.png
update link as:-->/2019/01/23/ShuffleNetV2/ShuffleNetV2_Figure2.png
update link as:-->/2019/01/23/ShuffleNetV2/ShuffleNetV2_table1.png
update link as:-->/2019/01/23/ShuffleNetV2/ShuffleNetV2_table2.png
update link as:-->/2019/01/23/ShuffleNetV2/ShuffleNetV2_table3.png
update link as:-->/2019/01/23/ShuffleNetV2/ShuffleNetV2_table4.png
update link as:-->/2019/01/23/ShuffleNetV2/ShuffleNetV2_Figure3.png
update link as:-->/2019/01/23/ShuffleNetV2/ShuffleNetV2_table5.png
update link as:-->/2019/01/23/ShuffleNetV2/ShuffleNetV2_Figure4.png
update link as:-->/2019/01/23/ShuffleNetV2/ShuffleNetV2_table6.png
update link as:-->/2019/01/23/ShuffleNetV2/ShuffleNetV2_table7.png
update link as:-->/2019/01/23/ShuffleNetV2/ShuffleNetV2_table8.png
update link as:-->/2019/01/23/ShuffleNetV2/ShuffleNetV2_Figure1.png
update link as:-->/2019/01/23/ShuffleNetV2/ShuffleNetV2_Figure2.png
update link as:-->/2019/01/23/ShuffleNetV2/ShuffleNetV2_table1.png
update link as:-->/2019/01/23/ShuffleNetV2/ShuffleNetV2_table2.png
update link as:-->/2019/01/23/ShuffleNetV2/ShuffleNetV2_table3.png
update link as:-->/2019/01/23/ShuffleNetV2/ShuffleNetV2_table4.png
update link as:-->/2019/01/23/ShuffleNetV2/ShuffleNetV2_Figure3.png
update link as:-->/2019/01/23/ShuffleNetV2/ShuffleNetV2_table5.png
update link as:-->/2019/01/23/ShuffleNetV2/ShuffleNetV2_Figure4.png
update link as:-->/2019/01/23/ShuffleNetV2/ShuffleNetV2_table6.png
update link as:-->/2019/01/23/ShuffleNetV2/ShuffleNetV2_table7.png
update link as:-->/2019/01/23/ShuffleNetV2/ShuffleNetV2_table8.png
update link as:-->/2020/08/04/deepin使用记录/picture1.png
update link as:-->/2020/08/04/deepin使用记录/picture1.png
update link as:-->/2019/05/27/git将本地文件上传到github/Figure1.png
update link as:-->/2019/05/27/git将本地文件上传到github/Figure1.png
update link as:-->/2019/07/15/hexo博客记录/快捷键.png
update link as:-->/2019/07/15/hexo博客记录/快捷键.png
update link as:-->/2019/07/16/linux问题集锦/top.png
update link as:-->/2019/07/16/linux问题集锦/htop.png
update link as:-->/2019/07/16/linux问题集锦/僵尸进程.png
update link as:-->/2019/07/16/linux问题集锦/top.png
update link as:-->/2019/07/16/linux问题集锦/htop.png
update link as:-->/2019/07/16/linux问题集锦/僵尸进程.png
update link as:-->/2019/08/03/pip安装包以后jupyter不能导入的解决办法/picture1.png
update link as:-->/2019/08/03/pip安装包以后jupyter不能导入的解决办法/picture1.png
update link as:-->/2019/09/06/pytorch数据增广/output_2_0.png
update link as:-->/2019/09/06/pytorch数据增广/output_4_1.png
update link as:-->/2019/09/06/pytorch数据增广/output_5_0.png
update link as:-->/2019/09/06/pytorch数据增广/output_6_1.png
update link as:-->/2019/09/06/pytorch数据增广/output_8_0.png
update link as:-->/2019/09/06/pytorch数据增广/output_9_0.png
update link as:-->/2019/09/06/pytorch数据增广/output_10_0.png
update link as:-->/2019/09/06/pytorch数据增广/output_12_0.png
update link as:-->/2019/09/06/pytorch数据增广/output_13_0.png
update link as:-->/2019/09/06/pytorch数据增广/output_15_0.png
update link as:-->/2019/09/06/pytorch数据增广/output_17_0.png
update link as:-->/2019/09/06/pytorch数据增广/output_18_0.png
update link as:-->/2019/09/06/pytorch数据增广/output_19_0.png
update link as:-->/2019/09/06/pytorch数据增广/output_20_0.png
update link as:-->/2019/09/06/pytorch数据增广/output_21_0.png
update link as:-->/2019/09/06/pytorch数据增广/output_22_0.png
update link as:-->/2019/09/06/pytorch数据增广/output_2_0.png
update link as:-->/2019/09/06/pytorch数据增广/output_4_1.png
update link as:-->/2019/09/06/pytorch数据增广/output_5_0.png
update link as:-->/2019/09/06/pytorch数据增广/output_6_1.png
update link as:-->/2019/09/06/pytorch数据增广/output_8_0.png
update link as:-->/2019/09/06/pytorch数据增广/output_9_0.png
update link as:-->/2019/09/06/pytorch数据增广/output_10_0.png
update link as:-->/2019/09/06/pytorch数据增广/output_12_0.png
update link as:-->/2019/09/06/pytorch数据增广/output_13_0.png
update link as:-->/2019/09/06/pytorch数据增广/output_15_0.png
update link as:-->/2019/09/06/pytorch数据增广/output_17_0.png
update link as:-->/2019/09/06/pytorch数据增广/output_18_0.png
update link as:-->/2019/09/06/pytorch数据增广/output_19_0.png
update link as:-->/2019/09/06/pytorch数据增广/output_20_0.png
update link as:-->/2019/09/06/pytorch数据增广/output_21_0.png
update link as:-->/2019/09/06/pytorch数据增广/output_22_0.png
update link as:-->/2019/05/29/服务器使用指南/image1.jpg
update link as:-->/2019/05/29/服务器使用指南/image2.jpg
update link as:-->/2019/05/29/服务器使用指南/image3.jpg
update link as:-->/2019/05/29/服务器使用指南/image4.png
update link as:-->/2019/05/29/服务器使用指南/image1.jpg
update link as:-->/2019/05/29/服务器使用指南/image2.jpg
update link as:-->/2019/05/29/服务器使用指南/image3.jpg
update link as:-->/2019/05/29/服务器使用指南/image4.png
update link as:-->/2019/01/23/深度学习笔记/1.jpg
update link as:-->/2019/01/23/深度学习笔记/image_brightened.jpg
update link as:-->/2019/01/23/深度学习笔记/image_colored.jpg
update link as:-->/2019/01/23/深度学习笔记/image_contrasted.jpg
update link as:-->/2019/01/23/深度学习笔记/image_sharped.jpg
update link as:-->/2019/01/23/深度学习笔记/1.jpg
update link as:-->/2019/01/23/深度学习笔记/image_brightened.jpg
update link as:-->/2019/01/23/深度学习笔记/image_colored.jpg
update link as:-->/2019/01/23/深度学习笔记/image_contrasted.jpg
update link as:-->/2019/01/23/深度学习笔记/image_sharped.jpg
update link as:-->/2019/06/26/深度学习目标检测方法汇总/Figuer1.png
update link as:-->/2019/06/26/深度学习目标检测方法汇总/Figuer2.png
update link as:-->/2019/06/26/深度学习目标检测方法汇总/Figuer3.png
update link as:-->/2019/06/26/深度学习目标检测方法汇总/Figuer4.png
update link as:-->/2019/06/26/深度学习目标检测方法汇总/Figuer5.png
update link as:-->/2019/06/26/深度学习目标检测方法汇总/Figuer1.png
update link as:-->/2019/06/26/深度学习目标检测方法汇总/Figuer2.png
update link as:-->/2019/06/26/深度学习目标检测方法汇总/Figuer3.png
update link as:-->/2019/06/26/深度学习目标检测方法汇总/Figuer4.png
update link as:-->/2019/06/26/深度学习目标检测方法汇总/Figuer5.png
update link as:-->/2019/02/27/神经网络结构汇总/LeNet5.png
update link as:-->/2019/02/27/神经网络结构汇总/AlexNet.png
update link as:-->/2019/02/27/神经网络结构汇总/Vgg.png
update link as:-->/2019/02/27/神经网络结构汇总/LeNet5.png
update link as:-->/2019/02/27/神经网络结构汇总/AlexNet.png
update link as:-->/2019/02/27/神经网络结构汇总/Vgg.png
update link as:-->/2019/01/23/面试问题收集/网络协议.png
update link as:-->/2019/01/23/面试问题收集/网络协议.png
INFO  Hexo is running at http://localhost:4000 . Press Ctrl+C to stop.
update link as:-->/2019/07/16/linux问题集锦/top.png
update link as:-->/2019/07/16/linux问题集锦/htop.png
update link as:-->/2019/07/16/linux问题集锦/僵尸进程.png
update link as:-->/2019/07/16/linux问题集锦/top.png
update link as:-->/2019/07/16/linux问题集锦/htop.png
update link as:-->/2019/07/16/linux问题集锦/僵尸进程.png
update link as:-->/2019/07/16/linux问题集锦/top.png
update link as:-->/2019/07/16/linux问题集锦/htop.png
update link as:-->/2019/07/16/linux问题集锦/僵尸进程.png
update link as:-->/2019/07/16/linux问题集锦/top.png
update link as:-->/2019/07/16/linux问题集锦/htop.png
update link as:-->/2019/07/16/linux问题集锦/僵尸进程.png
update link as:-->/2019/07/16/linux问题集锦/top.png
update link as:-->/2019/07/16/linux问题集锦/htop.png
update link as:-->/2019/07/16/linux问题集锦/僵尸进程.png
update link as:-->/2019/07/16/linux问题集锦/top.png
update link as:-->/2019/07/16/linux问题集锦/htop.png
update link as:-->/2019/07/16/linux问题集锦/僵尸进程.png
update link as:-->/2019/07/16/linux问题集锦/僵尸进程.png
update link as:-->/2019/07/16/linux问题集锦/僵尸进程.png
update link as:-->/2019/07/16/linux问题集锦/top.png
update link as:-->/2019/07/16/linux问题集锦/htop.png
update link as:-->/2019/07/16/linux问题集锦/僵尸进程.png
update link as:-->/2019/07/16/linux问题集锦/top.png
update link as:-->/2019/07/16/linux问题集锦/htop.png
update link as:-->/2019/07/16/linux问题集锦/僵尸进程.png
update link as:-->/2019/07/16/linux问题集锦/top.png
update link as:-->/2019/07/16/linux问题集锦/htop.png
update link as:-->/2019/07/16/linux问题集锦/僵尸进程.png
update link as:-->/2019/07/16/linux问题集锦/top.png
update link as:-->/2019/07/16/linux问题集锦/htop.png
update link as:-->/2019/07/16/linux问题集锦/僵尸进程.png
update link as:-->/2019/07/16/linux问题集锦/top.png
update link as:-->/2019/07/16/linux问题集锦/htop.png
update link as:-->/2019/07/16/linux问题集锦/僵尸进程.png
update link as:-->/2019/07/16/linux问题集锦/top.png
update link as:-->/2019/07/16/linux问题集锦/htop.png
update link as:-->/2019/07/16/linux问题集锦/僵尸进程.png
update link as:-->/2019/07/16/linux问题集锦/top.png
update link as:-->/2019/07/16/linux问题集锦/htop.png
update link as:-->/2019/07/16/linux问题集锦/僵尸进程.png
update link as:-->/2019/07/16/linux问题集锦/top.png
update link as:-->/2019/07/16/linux问题集锦/htop.png
update link as:-->/2019/07/16/linux问题集锦/僵尸进程.png
update link as:-->/2019/07/16/linux问题集锦/top.png
update link as:-->/2019/07/16/linux问题集锦/htop.png
update link as:-->/2019/07/16/linux问题集锦/僵尸进程.png
update link as:-->/2019/07/16/linux问题集锦/top.png
update link as:-->/2019/07/16/linux问题集锦/htop.png
update link as:-->/2019/07/16/linux问题集锦/僵尸进程.png
update link as:-->/2019/07/16/linux问题集锦/top.png
update link as:-->/2019/07/16/linux问题集锦/htop.png
update link as:-->/2019/07/16/linux问题集锦/僵尸进程.png
update link as:-->/2019/07/16/linux问题集锦/top.png
update link as:-->/2019/07/16/linux问题集锦/htop.png
update link as:-->/2019/07/16/linux问题集锦/僵尸进程.png
update link as:-->/2019/07/16/linux问题集锦/top.png
update link as:-->/2019/07/16/linux问题集锦/htop.png
update link as:-->/2019/07/16/linux问题集锦/僵尸进程.png
update link as:-->/2019/07/16/linux问题集锦/top.png
update link as:-->/2019/07/16/linux问题集锦/htop.png
update link as:-->/2019/07/16/linux问题集锦/僵尸进程.png
update link as:-->/2019/07/16/linux问题集锦/top.png
update link as:-->/2019/07/16/linux问题集锦/htop.png
update link as:-->/2019/07/16/linux问题集锦/僵尸进程.png
update link as:-->/2019/07/16/linux问题集锦/top.png
update link as:-->/2019/07/16/linux问题集锦/htop.png
update link as:-->/2019/07/16/linux问题集锦/僵尸进程.png
update link as:-->/2019/07/16/linux问题集锦/top.png
update link as:-->/2019/07/16/linux问题集锦/htop.png
update link as:-->/2019/07/16/linux问题集锦/僵尸进程.png
update link as:-->/2019/07/16/linux问题集锦/top.png
update link as:-->/2019/07/16/linux问题集锦/htop.png
update link as:-->/2019/07/16/linux问题集锦/僵尸进程.png
update link as:-->/2019/07/16/linux问题集锦/top.png
update link as:-->/2019/07/16/linux问题集锦/htop.png
update link as:-->/2019/07/16/linux问题集锦/僵尸进程.png
update link as:-->/2019/07/16/linux问题集锦/top.png
update link as:-->/2019/07/16/linux问题集锦/htop.png
update link as:-->/2019/07/16/linux问题集锦/僵尸进程.png
update link as:-->/2019/07/16/linux问题集锦/top.png
update link as:-->/2019/07/16/linux问题集锦/htop.png
update link as:-->/2019/07/16/linux问题集锦/僵尸进程.png
update link as:-->/2019/07/16/linux问题集锦/top.png
update link as:-->/2019/07/16/linux问题集锦/htop.png
update link as:-->/2019/07/16/linux问题集锦/僵尸进程.png
update link as:-->/2019/07/16/linux问题集锦/top.png
update link as:-->/2019/07/16/linux问题集锦/htop.png
update link as:-->/2019/07/16/linux问题集锦/僵尸进程.png
update link as:-->/2019/07/16/linux问题集锦/top.png
update link as:-->/2019/07/16/linux问题集锦/htop.png
update link as:-->/2019/07/16/linux问题集锦/僵尸进程.png
update link as:-->/2019/07/16/linux问题集锦/top.png
update link as:-->/2019/07/16/linux问题集锦/htop.png
update link as:-->/2019/07/16/linux问题集锦/僵尸进程.png
update link as:-->/2019/07/16/linux问题集锦/top.png
update link as:-->/2019/07/16/linux问题集锦/htop.png
update link as:-->/2019/07/16/linux问题集锦/僵尸进程.png
update link as:-->/2019/07/16/linux问题集锦/top.png
update link as:-->/2019/07/16/linux问题集锦/htop.png
update link as:-->/2019/07/16/linux问题集锦/僵尸进程.png
update link as:-->/2019/07/16/linux问题集锦/top.png
update link as:-->/2019/07/16/linux问题集锦/htop.png
update link as:-->/2019/07/16/linux问题集锦/僵尸进程.png
update link as:-->/2019/07/16/linux问题集锦/top.png
update link as:-->/2019/07/16/linux问题集锦/htop.png
update link as:-->/2019/07/16/linux问题集锦/僵尸进程.png
update link as:-->/2019/07/16/linux问题集锦/top.png
update link as:-->/2019/07/16/linux问题集锦/htop.png
update link as:-->/2019/07/16/linux问题集锦/僵尸进程.png
update link as:-->/2019/07/16/linux问题集锦/top.png
update link as:-->/2019/07/16/linux问题集锦/htop.png
update link as:-->/2019/07/16/linux问题集锦/僵尸进程.png
update link as:-->/2019/07/16/linux问题集锦/top.png
update link as:-->/2019/07/16/linux问题集锦/htop.png
update link as:-->/2019/07/16/linux问题集锦/僵尸进程.png
update link as:-->/2019/07/16/linux问题集锦/top.png
update link as:-->/2019/07/16/linux问题集锦/htop.png
update link as:-->/2019/07/16/linux问题集锦/僵尸进程.png
update link as:-->/2019/07/16/linux问题集锦/top.png
update link as:-->/2019/07/16/linux问题集锦/htop.png
update link as:-->/2019/07/16/linux问题集锦/僵尸进程.png
update link as:-->/2019/07/16/linux问题集锦/top.png
update link as:-->/2019/07/16/linux问题集锦/htop.png
update link as:-->/2019/07/16/linux问题集锦/僵尸进程.png
update link as:-->/2019/07/16/linux问题集锦/top.png
update link as:-->/2019/07/16/linux问题集锦/htop.png
update link as:-->/2019/07/16/linux问题集锦/僵尸进程.png
update link as:-->/2019/07/16/linux问题集锦/top.png
update link as:-->/2019/07/16/linux问题集锦/htop.png
update link as:-->/2019/07/16/linux问题集锦/僵尸进程.png
update link as:-->/2019/07/16/linux问题集锦/top.png
update link as:-->/2019/07/16/linux问题集锦/htop.png
update link as:-->/2019/07/16/linux问题集锦/僵尸进程.png
update link as:-->/2019/07/16/linux问题集锦/top.png
update link as:-->/2019/07/16/linux问题集锦/htop.png
update link as:-->/2019/07/16/linux问题集锦/僵尸进程.png
update link as:-->/2019/07/16/linux问题集锦/top.png
update link as:-->/2019/07/16/linux问题集锦/htop.png
update link as:-->/2019/07/16/linux问题集锦/僵尸进程.png
update link as:-->/2019/07/16/linux问题集锦/top.png
update link as:-->/2019/07/16/linux问题集锦/htop.png
update link as:-->/2019/07/16/linux问题集锦/僵尸进程.png
update link as:-->/2019/07/16/linux问题集锦/top.png
update link as:-->/2019/07/16/linux问题集锦/htop.png
update link as:-->/2019/07/16/linux问题集锦/僵尸进程.png
update link as:-->/2019/07/16/linux问题集锦/top.png
update link as:-->/2019/07/16/linux问题集锦/htop.png
update link as:-->/2019/07/16/linux问题集锦/僵尸进程.png
update link as:-->/2019/07/16/linux问题集锦/top.png
update link as:-->/2019/07/16/linux问题集锦/htop.png
update link as:-->/2019/07/16/linux问题集锦/僵尸进程.png
update link as:-->/2019/07/16/linux问题集锦/top.png
update link as:-->/2019/07/16/linux问题集锦/htop.png
update link as:-->/2019/07/16/linux问题集锦/僵尸进程.png
update link as:-->/2019/07/16/linux问题集锦/top.png
update link as:-->/2019/07/16/linux问题集锦/htop.png
update link as:-->/2019/07/16/linux问题集锦/僵尸进程.png
update link as:-->/2019/07/16/linux问题集锦/top.png
update link as:-->/2019/07/16/linux问题集锦/htop.png
update link as:-->/2019/07/16/linux问题集锦/僵尸进程.png
update link as:-->/2019/07/16/linux问题集锦/top.png
update link as:-->/2019/07/16/linux问题集锦/htop.png
update link as:-->/2019/07/16/linux问题集锦/僵尸进程.png
update link as:-->/2019/07/16/linux问题集锦/top.png
update link as:-->/2019/07/16/linux问题集锦/htop.png
update link as:-->/2019/07/16/linux问题集锦/僵尸进程.png
update link as:-->/2019/07/16/linux问题集锦/top.png
update link as:-->/2019/07/16/linux问题集锦/htop.png
update link as:-->/2019/07/16/linux问题集锦/僵尸进程.png
update link as:-->/2019/07/16/linux问题集锦/top.png
update link as:-->/2019/07/16/linux问题集锦/htop.png
update link as:-->/2019/07/16/linux问题集锦/僵尸进程.png
update link as:-->/2019/07/16/linux问题集锦/top.png
update link as:-->/2019/07/16/linux问题集锦/htop.png
update link as:-->/2019/07/16/linux问题集锦/僵尸进程.png
update link as:-->/2019/07/16/linux问题集锦/top.png
update link as:-->/2019/07/16/linux问题集锦/htop.png
update link as:-->/2019/07/16/linux问题集锦/僵尸进程.png
update link as:-->/2019/07/16/linux问题集锦/top.png
update link as:-->/2019/07/16/linux问题集锦/htop.png
update link as:-->/2019/07/16/linux问题集锦/僵尸进程.png
update link as:-->/2019/07/16/linux问题集锦/top.png
update link as:-->/2019/07/16/linux问题集锦/htop.png
update link as:-->/2019/07/16/linux问题集锦/僵尸进程.png
update link as:-->/2019/07/16/linux问题集锦/top.png
update link as:-->/2019/07/16/linux问题集锦/htop.png
update link as:-->/2019/07/16/linux问题集锦/僵尸进程.png
update link as:-->/2019/07/16/linux问题集锦/top.png
update link as:-->/2019/07/16/linux问题集锦/htop.png
update link as:-->/2019/07/16/linux问题集锦/僵尸进程.png
update link as:-->/2019/07/16/linux问题集锦/top.png
update link as:-->/2019/07/16/linux问题集锦/htop.png
update link as:-->/2019/07/16/linux问题集锦/僵尸进程.png
update link as:-->/2019/07/16/linux问题集锦/top.png
update link as:-->/2019/07/16/linux问题集锦/htop.png
update link as:-->/2019/07/16/linux问题集锦/僵尸进程.png
update link as:-->/2019/07/16/linux问题集锦/top.png
update link as:-->/2019/07/16/linux问题集锦/htop.png
update link as:-->/2019/07/16/linux问题集锦/僵尸进程.png
update link as:-->/2019/07/16/linux问题集锦/top.png
update link as:-->/2019/07/16/linux问题集锦/htop.png
update link as:-->/2019/07/16/linux问题集锦/僵尸进程.png
update link as:-->/2019/07/16/linux问题集锦/top.png
update link as:-->/2019/07/16/linux问题集锦/htop.png
update link as:-->/2019/07/16/linux问题集锦/僵尸进程.png
update link as:-->/2019/07/16/linux问题集锦/top.png
update link as:-->/2019/07/16/linux问题集锦/htop.png
update link as:-->/2019/07/16/linux问题集锦/僵尸进程.png
update link as:-->/2019/07/16/linux问题集锦/top.png
update link as:-->/2019/07/16/linux问题集锦/htop.png
update link as:-->/2019/07/16/linux问题集锦/僵尸进程.png
update link as:-->/2019/07/16/linux问题集锦/top.png
update link as:-->/2019/07/16/linux问题集锦/htop.png
update link as:-->/2019/07/16/linux问题集锦/僵尸进程.png
update link as:-->/2019/07/16/linux问题集锦/top.png
update link as:-->/2019/07/16/linux问题集锦/htop.png
update link as:-->/2019/07/16/linux问题集锦/僵尸进程.png
update link as:-->/2019/07/16/linux问题集锦/top.png
update link as:-->/2019/07/16/linux问题集锦/htop.png
update link as:-->/2019/07/16/linux问题集锦/僵尸进程.png
update link as:-->/2019/07/16/linux问题集锦/top.png
update link as:-->/2019/07/16/linux问题集锦/htop.png
update link as:-->/2019/07/16/linux问题集锦/僵尸进程.png
update link as:-->/2019/07/16/linux问题集锦/top.png
update link as:-->/2019/07/16/linux问题集锦/htop.png
update link as:-->/2019/07/16/linux问题集锦/僵尸进程.png
update link as:-->/2019/07/16/linux问题集锦/top.png
update link as:-->/2019/07/16/linux问题集锦/htop.png
update link as:-->/2019/07/16/linux问题集锦/僵尸进程.png
update link as:-->/2019/07/16/linux问题集锦/top.png
update link as:-->/2019/07/16/linux问题集锦/htop.png
update link as:-->/2019/07/16/linux问题集锦/僵尸进程.png
update link as:-->/2019/07/16/linux问题集锦/top.png
update link as:-->/2019/07/16/linux问题集锦/htop.png
update link as:-->/2019/07/16/linux问题集锦/僵尸进程.png
update link as:-->/2019/07/16/linux问题集锦/top.png
update link as:-->/2019/07/16/linux问题集锦/htop.png
update link as:-->/2019/07/16/linux问题集锦/僵尸进程.png
update link as:-->/2019/07/16/linux问题集锦/top.png
update link as:-->/2019/07/16/linux问题集锦/htop.png
update link as:-->/2019/07/16/linux问题集锦/僵尸进程.png
update link as:-->/2019/07/16/linux问题集锦/top.png
update link as:-->/2019/07/16/linux问题集锦/htop.png
update link as:-->/2019/07/16/linux问题集锦/僵尸进程.png
update link as:-->/2019/07/16/linux问题集锦/top.png
update link as:-->/2019/07/16/linux问题集锦/htop.png
update link as:-->/2019/07/16/linux问题集锦/僵尸进程.png
update link as:-->/2019/07/16/linux问题集锦/top.png
update link as:-->/2019/07/16/linux问题集锦/htop.png
update link as:-->/2019/07/16/linux问题集锦/僵尸进程.png
update link as:-->/2019/07/16/linux问题集锦/top.png
update link as:-->/2019/07/16/linux问题集锦/htop.png
update link as:-->/2019/07/16/linux问题集锦/僵尸进程.png
update link as:-->/2019/07/16/linux问题集锦/top.png
update link as:-->/2019/07/16/linux问题集锦/htop.png
update link as:-->/2019/07/16/linux问题集锦/僵尸进程.png
update link as:-->/2019/07/16/linux问题集锦/top.png
update link as:-->/2019/07/16/linux问题集锦/htop.png
update link as:-->/2019/07/16/linux问题集锦/僵尸进程.png
update link as:-->/2019/07/16/linux问题集锦/top.png
update link as:-->/2019/07/16/linux问题集锦/htop.png
update link as:-->/2019/07/16/linux问题集锦/僵尸进程.png
update link as:-->/2019/07/16/linux问题集锦/top.png
update link as:-->/2019/07/16/linux问题集锦/htop.png
update link as:-->/2019/07/16/linux问题集锦/僵尸进程.png
update link as:-->/2019/07/16/linux问题集锦/top.png
update link as:-->/2019/07/16/linux问题集锦/htop.png
update link as:-->/2019/07/16/linux问题集锦/僵尸进程.png
update link as:-->/2019/07/16/linux问题集锦/top.png
update link as:-->/2019/07/16/linux问题集锦/htop.png
update link as:-->/2019/07/16/linux问题集锦/僵尸进程.png
update link as:-->/2019/07/16/linux问题集锦/top.png
update link as:-->/2019/07/16/linux问题集锦/htop.png
update link as:-->/2019/07/16/linux问题集锦/僵尸进程.png
update link as:-->/2019/07/16/linux问题集锦/top.png
update link as:-->/2019/07/16/linux问题集锦/htop.png
update link as:-->/2019/07/16/linux问题集锦/僵尸进程.png
update link as:-->/2019/07/16/linux问题集锦/top.png
update link as:-->/2019/07/16/linux问题集锦/htop.png
update link as:-->/2019/07/16/linux问题集锦/僵尸进程.png
update link as:-->/2019/07/16/linux问题集锦/top.png
update link as:-->/2019/07/16/linux问题集锦/htop.png
update link as:-->/2019/07/16/linux问题集锦/僵尸进程.png
update link as:-->/2019/07/16/linux问题集锦/top.png
update link as:-->/2019/07/16/linux问题集锦/htop.png
update link as:-->/2019/07/16/linux问题集锦/僵尸进程.png
update link as:-->/2019/07/16/linux问题集锦/top.png
update link as:-->/2019/07/16/linux问题集锦/htop.png
update link as:-->/2019/07/16/linux问题集锦/僵尸进程.png
update link as:-->/2019/07/16/linux问题集锦/top.png
update link as:-->/2019/07/16/linux问题集锦/htop.png
update link as:-->/2019/07/16/linux问题集锦/僵尸进程.png
update link as:-->/2019/07/16/linux问题集锦/top.png
update link as:-->/2019/07/16/linux问题集锦/htop.png
update link as:-->/2019/07/16/linux问题集锦/僵尸进程.png
update link as:-->/2019/07/16/linux问题集锦/top.png
update link as:-->/2019/07/16/linux问题集锦/htop.png
update link as:-->/2019/07/16/linux问题集锦/僵尸进程.png
update link as:-->/2019/07/16/linux问题集锦/top.png
update link as:-->/2019/07/16/linux问题集锦/htop.png
update link as:-->/2019/07/16/linux问题集锦/僵尸进程.png
update link as:-->/2019/07/16/linux问题集锦/top.png
update link as:-->/2019/07/16/linux问题集锦/htop.png
update link as:-->/2019/07/16/linux问题集锦/僵尸进程.png
update link as:-->/2019/07/16/linux问题集锦/top.png
update link as:-->/2019/07/16/linux问题集锦/htop.png
update link as:-->/2019/07/16/linux问题集锦/僵尸进程.png
update link as:-->/2019/07/16/linux问题集锦/top.png
update link as:-->/2019/07/16/linux问题集锦/htop.png
update link as:-->/2019/07/16/linux问题集锦/僵尸进程.png
update link as:-->/2019/07/16/linux问题集锦/top.png
update link as:-->/2019/07/16/linux问题集锦/htop.png
update link as:-->/2019/07/16/linux问题集锦/僵尸进程.png
update link as:-->/2019/07/16/linux问题集锦/top.png
update link as:-->/2019/07/16/linux问题集锦/htop.png
update link as:-->/2019/07/16/linux问题集锦/僵尸进程.png
update link as:-->/2019/07/16/linux问题集锦/top.png
update link as:-->/2019/07/16/linux问题集锦/htop.png
update link as:-->/2019/07/16/linux问题集锦/僵尸进程.png
update link as:-->/2019/07/16/linux问题集锦/top.png
update link as:-->/2019/07/16/linux问题集锦/htop.png
update link as:-->/2019/07/16/linux问题集锦/僵尸进程.png
update link as:-->/2019/07/16/linux问题集锦/top.png
update link as:-->/2019/07/16/linux问题集锦/htop.png
update link as:-->/2019/07/16/linux问题集锦/僵尸进程.png
update link as:-->/2019/07/16/linux问题集锦/top.png
update link as:-->/2019/07/16/linux问题集锦/htop.png
update link as:-->/2019/07/16/linux问题集锦/僵尸进程.png
update link as:-->/2019/07/16/linux问题集锦/top.png
update link as:-->/2019/07/16/linux问题集锦/htop.png
update link as:-->/2019/07/16/linux问题集锦/僵尸进程.png
update link as:-->/2019/07/16/linux问题集锦/top.png
update link as:-->/2019/07/16/linux问题集锦/htop.png
update link as:-->/2019/07/16/linux问题集锦/僵尸进程.png
update link as:-->/2019/07/16/linux问题集锦/top.png
update link as:-->/2019/07/16/linux问题集锦/htop.png
update link as:-->/2019/07/16/linux问题集锦/僵尸进程.png
update link as:-->/2019/07/16/linux问题集锦/top.png
update link as:-->/2019/07/16/linux问题集锦/htop.png
update link as:-->/2019/07/16/linux问题集锦/僵尸进程.png
update link as:-->/2019/07/16/linux问题集锦/top.png
update link as:-->/2019/07/16/linux问题集锦/htop.png
update link as:-->/2019/07/16/linux问题集锦/僵尸进程.png
update link as:-->/2019/07/16/linux问题集锦/僵尸进程.png
update link as:-->/2019/07/16/linux问题集锦/僵尸进程.png
update link as:-->/2019/07/16/linux问题集锦/僵尸进程.png
update link as:-->/2019/07/16/linux问题集锦/僵尸进程.png
update link as:-->/2019/07/16/linux问题集锦/僵尸进程.png
update link as:-->/2019/07/16/linux问题集锦/僵尸进程.png
update link as:-->/2019/07/16/linux问题集锦/僵尸进程.png
update link as:-->/2019/07/16/linux问题集锦/僵尸进程.png
update link as:-->/2019/07/16/linux问题集锦/僵尸进程.png
update link as:-->/2019/07/16/linux问题集锦/僵尸进程.png
update link as:-->/2019/07/16/linux问题集锦/僵尸进程.png
update link as:-->/2019/07/16/linux问题集锦/僵尸进程.png
update link as:-->/2019/07/16/linux问题集锦/僵尸进程.png
update link as:-->/2019/07/16/linux问题集锦/僵尸进程.png
update link as:-->/2019/07/16/linux问题集锦/top.png
update link as:-->/2019/07/16/linux问题集锦/htop.png
update link as:-->/2019/07/16/linux问题集锦/僵尸进程.png
update link as:-->/2019/07/16/linux问题集锦/top.png
update link as:-->/2019/07/16/linux问题集锦/htop.png
update link as:-->/2019/07/16/linux问题集锦/僵尸进程.png
update link as:-->/2019/07/16/linux问题集锦/top.png
update link as:-->/2019/07/16/linux问题集锦/htop.png
update link as:-->/2019/07/16/linux问题集锦/僵尸进程.png
update link as:-->/2019/07/16/linux问题集锦/top.png
update link as:-->/2019/07/16/linux问题集锦/htop.png
update link as:-->/2019/07/16/linux问题集锦/僵尸进程.png
update link as:-->/2019/07/16/linux问题集锦/top.png
update link as:-->/2019/07/16/linux问题集锦/htop.png
update link as:-->/2019/07/16/linux问题集锦/僵尸进程.png
update link as:-->/2019/07/16/linux问题集锦/top.png
update link as:-->/2019/07/16/linux问题集锦/htop.png
update link as:-->/2019/07/16/linux问题集锦/僵尸进程.png
update link as:-->/2019/07/16/linux问题集锦/top.png
update link as:-->/2019/07/16/linux问题集锦/htop.png
update link as:-->/2019/07/16/linux问题集锦/僵尸进程.png
update link as:-->/2019/07/16/linux问题集锦/top.png
update link as:-->/2019/07/16/linux问题集锦/htop.png
update link as:-->/2019/07/16/linux问题集锦/僵尸进程.png
update link as:-->/2019/07/16/linux问题集锦/top.png
update link as:-->/2019/07/16/linux问题集锦/htop.png
update link as:-->/2019/07/16/linux问题集锦/僵尸进程.png
update link as:-->/2019/07/16/linux问题集锦/top.png
update link as:-->/2019/07/16/linux问题集锦/htop.png
update link as:-->/2019/07/16/linux问题集锦/僵尸进程.png
update link as:-->/2019/07/16/linux问题集锦/top.png
update link as:-->/2019/07/16/linux问题集锦/htop.png
update link as:-->/2019/07/16/linux问题集锦/僵尸进程.png
update link as:-->/2019/07/16/linux问题集锦/top.png
update link as:-->/2019/07/16/linux问题集锦/htop.png
update link as:-->/2019/07/16/linux问题集锦/僵尸进程.png
update link as:-->/2019/07/16/linux问题集锦/top.png
update link as:-->/2019/07/16/linux问题集锦/htop.png
update link as:-->/2019/07/16/linux问题集锦/僵尸进程.png
update link as:-->/2019/07/16/linux问题集锦/top.png
update link as:-->/2019/07/16/linux问题集锦/htop.png
update link as:-->/2019/07/16/linux问题集锦/僵尸进程.png
update link as:-->/2019/07/16/linux问题集锦/top.png
update link as:-->/2019/07/16/linux问题集锦/htop.png
update link as:-->/2019/07/16/linux问题集锦/僵尸进程.png
update link as:-->/2019/07/16/linux问题集锦/top.png
update link as:-->/2019/07/16/linux问题集锦/htop.png
update link as:-->/2019/07/16/linux问题集锦/僵尸进程.png
update link as:-->/2019/07/16/linux问题集锦/top.png
update link as:-->/2019/07/16/linux问题集锦/htop.png
update link as:-->/2019/07/16/linux问题集锦/僵尸进程.png
update link as:-->/2019/07/16/linux问题集锦/top.png
update link as:-->/2019/07/16/linux问题集锦/htop.png
update link as:-->/2019/07/16/linux问题集锦/僵尸进程.png
update link as:-->/2019/07/16/linux问题集锦/top.png
update link as:-->/2019/07/16/linux问题集锦/htop.png
update link as:-->/2019/07/16/linux问题集锦/僵尸进程.png
update link as:-->/2019/07/16/linux问题集锦/top.png
update link as:-->/2019/07/16/linux问题集锦/htop.png
update link as:-->/2019/07/16/linux问题集锦/僵尸进程.png
update link as:-->/2019/07/16/linux问题集锦/top.png
update link as:-->/2019/07/16/linux问题集锦/htop.png
update link as:-->/2019/07/16/linux问题集锦/僵尸进程.png
update link as:-->/2019/07/16/linux问题集锦/top.png
update link as:-->/2019/07/16/linux问题集锦/htop.png
update link as:-->/2019/07/16/linux问题集锦/僵尸进程.png
update link as:-->/2019/07/16/linux问题集锦/top.png
update link as:-->/2019/07/16/linux问题集锦/htop.png
update link as:-->/2019/07/16/linux问题集锦/僵尸进程.png
update link as:-->/2019/07/16/linux问题集锦/top.png
update link as:-->/2019/07/16/linux问题集锦/htop.png
update link as:-->/2019/07/16/linux问题集锦/僵尸进程.png
update link as:-->/2019/07/16/linux问题集锦/top.png
update link as:-->/2019/07/16/linux问题集锦/htop.png
update link as:-->/2019/07/16/linux问题集锦/僵尸进程.png
update link as:-->/2019/07/16/linux问题集锦/top.png
update link as:-->/2019/07/16/linux问题集锦/htop.png
update link as:-->/2019/07/16/linux问题集锦/僵尸进程.png
update link as:-->/2019/07/16/linux问题集锦/top.png
update link as:-->/2019/07/16/linux问题集锦/htop.png
update link as:-->/2019/07/16/linux问题集锦/僵尸进程.png
update link as:-->/2019/07/16/linux问题集锦/top.png
update link as:-->/2019/07/16/linux问题集锦/htop.png
update link as:-->/2019/07/16/linux问题集锦/僵尸进程.png
update link as:-->/2019/07/16/linux问题集锦/top.png
update link as:-->/2019/07/16/linux问题集锦/htop.png
update link as:-->/2019/07/16/linux问题集锦/僵尸进程.png
update link as:-->/2019/07/16/linux问题集锦/top.png
update link as:-->/2019/07/16/linux问题集锦/htop.png
update link as:-->/2019/07/16/linux问题集锦/僵尸进程.png
update link as:-->/2019/07/16/linux问题集锦/top.png
update link as:-->/2019/07/16/linux问题集锦/htop.png
update link as:-->/2019/07/16/linux问题集锦/僵尸进程.png
update link as:-->/2019/07/16/linux问题集锦/top.png
update link as:-->/2019/07/16/linux问题集锦/htop.png
update link as:-->/2019/07/16/linux问题集锦/僵尸进程.png
update link as:-->/2019/07/16/linux问题集锦/top.png
update link as:-->/2019/07/16/linux问题集锦/htop.png
update link as:-->/2019/07/16/linux问题集锦/僵尸进程.png
update link as:-->/2019/07/16/linux问题集锦/top.png
update link as:-->/2019/07/16/linux问题集锦/htop.png
update link as:-->/2019/07/16/linux问题集锦/僵尸进程.png
update link as:-->/2019/07/16/linux问题集锦/top.png
update link as:-->/2019/07/16/linux问题集锦/htop.png
update link as:-->/2019/07/16/linux问题集锦/僵尸进程.png
update link as:-->/2019/07/16/linux问题集锦/top.png
update link as:-->/2019/07/16/linux问题集锦/htop.png
update link as:-->/2019/07/16/linux问题集锦/僵尸进程.png
update link as:-->/2019/07/16/linux问题集锦/top.png
update link as:-->/2019/07/16/linux问题集锦/htop.png
update link as:-->/2019/07/16/linux问题集锦/僵尸进程.png
update link as:-->/2019/07/16/linux问题集锦/top.png
update link as:-->/2019/07/16/linux问题集锦/htop.png
update link as:-->/2019/07/16/linux问题集锦/僵尸进程.png
update link as:-->/2019/07/16/linux问题集锦/top.png
update link as:-->/2019/07/16/linux问题集锦/htop.png
update link as:-->/2019/07/16/linux问题集锦/僵尸进程.png
update link as:-->/2019/07/16/linux问题集锦/top.png
update link as:-->/2019/07/16/linux问题集锦/htop.png
update link as:-->/2019/07/16/linux问题集锦/僵尸进程.png
update link as:-->/2019/07/16/linux问题集锦/top.png
update link as:-->/2019/07/16/linux问题集锦/htop.png
update link as:-->/2019/07/16/linux问题集锦/僵尸进程.png
update link as:-->/2019/07/16/linux问题集锦/top.png
update link as:-->/2019/07/16/linux问题集锦/htop.png
update link as:-->/2019/07/16/linux问题集锦/僵尸进程.png
update link as:-->/2019/07/16/linux问题集锦/top.png
update link as:-->/2019/07/16/linux问题集锦/htop.png
update link as:-->/2019/07/16/linux问题集锦/僵尸进程.png
update link as:-->/2019/07/16/linux问题集锦/top.png
update link as:-->/2019/07/16/linux问题集锦/htop.png
update link as:-->/2019/07/16/linux问题集锦/僵尸进程.png
update link as:-->/2019/07/16/linux问题集锦/top.png
update link as:-->/2019/07/16/linux问题集锦/htop.png
update link as:-->/2019/07/16/linux问题集锦/僵尸进程.png
update link as:-->/2019/07/16/linux问题集锦/top.png
update link as:-->/2019/07/16/linux问题集锦/htop.png
update link as:-->/2019/07/16/linux问题集锦/僵尸进程.png
update link as:-->/2019/07/16/linux问题集锦/top.png
update link as:-->/2019/07/16/linux问题集锦/htop.png
update link as:-->/2019/07/16/linux问题集锦/僵尸进程.png
update link as:-->/2019/07/16/linux问题集锦/top.png
update link as:-->/2019/07/16/linux问题集锦/htop.png
update link as:-->/2019/07/16/linux问题集锦/僵尸进程.png
update link as:-->/2019/07/16/linux问题集锦/top.png
update link as:-->/2019/07/16/linux问题集锦/htop.png
update link as:-->/2019/07/16/linux问题集锦/僵尸进程.png
update link as:-->/2019/07/16/linux问题集锦/top.png
update link as:-->/2019/07/16/linux问题集锦/htop.png
update link as:-->/2019/07/16/linux问题集锦/僵尸进程.png
update link as:-->/2019/07/16/linux问题集锦/top.png
update link as:-->/2019/07/16/linux问题集锦/htop.png
update link as:-->/2019/07/16/linux问题集锦/僵尸进程.png
update link as:-->/2019/07/16/linux问题集锦/top.png
update link as:-->/2019/07/16/linux问题集锦/htop.png
update link as:-->/2019/07/16/linux问题集锦/僵尸进程.png
FATAL Port 4000 has been used. Try other port instead.
FATAL Something's wrong. Maybe you can find the solution here: https://hexo.io/docs/troubleshooting.html
Error: listen EADDRINUSE: address already in use :::4000
    at Server.setupListenHandle [as _listen2] (net.js:1313:16)
    at listenInCluster (net.js:1361:12)
    at Server.listen (net.js:1447:7)
    at /home/jiang/workspace/blog/node_modules/hexo-server/lib/server.js:82:12
    at Promise._execute (/home/jiang/workspace/blog/node_modules/bluebird/js/release/debuggability.js:313:9)
    at Promise._resolveFromExecutor (/home/jiang/workspace/blog/node_modules/bluebird/js/release/promise.js:483:18)
    at new Promise (/home/jiang/workspace/blog/node_modules/bluebird/js/release/promise.js:79:10)
    at checkPort (/home/jiang/workspace/blog/node_modules/hexo-server/lib/server.js:68:10)
    at Hexo.module.exports (/home/jiang/workspace/blog/node_modules/hexo-server/lib/server.js:19:10)
    at Hexo.tryCatcher (/home/jiang/workspace/blog/node_modules/bluebird/js/release/util.js:16:23)
    at Hexo.<anonymous> (/home/jiang/workspace/blog/node_modules/bluebird/js/release/method.js:15:34)
    at /home/jiang/workspace/blog/node_modules/hexo/lib/hexo/index.js:187:15
    at Promise._execute (/home/jiang/workspace/blog/node_modules/bluebird/js/release/debuggability.js:313:9)
    at Promise._resolveFromExecutor (/home/jiang/workspace/blog/node_modules/bluebird/js/release/promise.js:483:18)
    at new Promise (/home/jiang/workspace/blog/node_modules/bluebird/js/release/promise.js:79:10)
    at Hexo.call (/home/jiang/workspace/blog/node_modules/hexo/lib/hexo/index.js:183:10)
    at /home/jiang/software/nodejs/lib/node_modules/hexo-cli/lib/hexo.js:68:17
    at tryCatcher (/home/jiang/software/nodejs/lib/node_modules/hexo-cli/node_modules/bluebird/js/release/util.js:16:23)
    at Promise._settlePromiseFromHandler (/home/jiang/software/nodejs/lib/node_modules/hexo-cli/node_modules/bluebird/js/release/promise.js:547:31)
    at Promise._settlePromise (/home/jiang/software/nodejs/lib/node_modules/hexo-cli/node_modules/bluebird/js/release/promise.js:604:18)
    at Promise._settlePromise0 (/home/jiang/software/nodejs/lib/node_modules/hexo-cli/node_modules/bluebird/js/release/promise.js:649:10)
    at Promise._settlePromises (/home/jiang/software/nodejs/lib/node_modules/hexo-cli/node_modules/bluebird/js/release/promise.js:729:18)
INFO  Start processing
update link as:-->/2019/05/09/CondenseNet/Figure1.png
update link as:-->/2019/05/09/CondenseNet/Figure2.png
update link as:-->/2019/05/09/CondenseNet/Figure3.png
update link as:-->/2019/05/09/CondenseNet/Figure4.png
update link as:-->/2019/05/09/CondenseNet/Figure5.png
update link as:-->/2019/05/09/CondenseNet/Figure6.png
update link as:-->/2019/05/09/CondenseNet/Figure7.png
update link as:-->/2019/05/09/CondenseNet/Figure8.png
update link as:-->/2019/05/09/CondenseNet/Table1.png
update link as:-->/2019/05/09/CondenseNet/Table2.png
update link as:-->/2019/05/09/CondenseNet/Table3.png
update link as:-->/2019/05/09/CondenseNet/Table4.png
update link as:-->/2019/05/09/CondenseNet/Figure1.png
update link as:-->/2019/05/09/CondenseNet/Figure2.png
update link as:-->/2019/05/09/CondenseNet/Figure3.png
update link as:-->/2019/05/09/CondenseNet/Figure4.png
update link as:-->/2019/05/09/CondenseNet/Figure5.png
update link as:-->/2019/05/09/CondenseNet/Figure6.png
update link as:-->/2019/05/09/CondenseNet/Figure7.png
update link as:-->/2019/05/09/CondenseNet/Figure8.png
update link as:-->/2019/05/09/CondenseNet/Table1.png
update link as:-->/2019/05/09/CondenseNet/Table2.png
update link as:-->/2019/05/09/CondenseNet/Table3.png
update link as:-->/2019/05/09/CondenseNet/Table4.png
update link as:-->/2019/07/19/EfficientNet/Figure1.png
update link as:-->/2019/07/19/EfficientNet/Figure2.png
update link as:-->/2019/07/19/EfficientNet/formulate1.png
update link as:-->/2019/07/19/EfficientNet/formulate2.png
update link as:-->/2019/07/19/EfficientNet/Figure3.png
update link as:-->/2019/07/19/EfficientNet/Figure4.png
update link as:-->/2019/07/19/EfficientNet/formulate3.png
update link as:-->/2019/07/19/EfficientNet/Table1.png
update link as:-->/2019/07/19/EfficientNet/Table2.png
update link as:-->/2019/07/19/EfficientNet/Table3.png
update link as:-->/2019/07/19/EfficientNet/Table4.png
update link as:-->/2019/07/19/EfficientNet/Table5.png
update link as:-->/2019/07/19/EfficientNet/Table6.png
update link as:-->/2019/07/19/EfficientNet/Table7.png
update link as:-->/2019/07/19/EfficientNet/Figure5.png
update link as:-->/2019/07/19/EfficientNet/Figure6.png
update link as:-->/2019/07/19/EfficientNet/Figure7.png
update link as:-->/2019/07/19/EfficientNet/Figure8.png
update link as:-->/2019/07/19/EfficientNet/Figure1.png
update link as:-->/2019/07/19/EfficientNet/Figure2.png
update link as:-->/2019/07/19/EfficientNet/formulate1.png
update link as:-->/2019/07/19/EfficientNet/formulate2.png
update link as:-->/2019/07/19/EfficientNet/Figure3.png
update link as:-->/2019/07/19/EfficientNet/Figure4.png
update link as:-->/2019/07/19/EfficientNet/formulate3.png
update link as:-->/2019/07/19/EfficientNet/Table1.png
update link as:-->/2019/07/19/EfficientNet/Table2.png
update link as:-->/2019/07/19/EfficientNet/Table3.png
update link as:-->/2019/07/19/EfficientNet/Table4.png
update link as:-->/2019/07/19/EfficientNet/Table5.png
update link as:-->/2019/07/19/EfficientNet/Table6.png
update link as:-->/2019/07/19/EfficientNet/Table7.png
update link as:-->/2019/07/19/EfficientNet/Figure5.png
update link as:-->/2019/07/19/EfficientNet/Figure6.png
update link as:-->/2019/07/19/EfficientNet/Figure7.png
update link as:-->/2019/07/19/EfficientNet/Figure8.png
update link as:-->/2019/06/03/MobileNetV3/Figure1.png
update link as:-->/2019/06/03/MobileNetV3/Figure2.png
update link as:-->/2019/06/03/MobileNetV3/Figure3.png
update link as:-->/2019/06/03/MobileNetV3/Figure4.png
update link as:-->/2019/06/03/MobileNetV3/Figure1.png
update link as:-->/2019/06/03/MobileNetV3/Figure2.png
update link as:-->/2019/06/03/MobileNetV3/Figure3.png
update link as:-->/2019/06/03/MobileNetV3/Figure4.png
update link as:-->/2019/01/23/MoblieNetV2/MobileNetV2_Figure1.png
update link as:-->/2019/01/23/MoblieNetV2/MobileNetV2_Figure2.png
update link as:-->/2019/01/23/MoblieNetV2/MobileNetV2_Figure3.png
update link as:-->/2019/01/23/MoblieNetV2/MobileNetV2_Table1.png
update link as:-->/2019/01/23/MoblieNetV2/MobileNetV2_Table2.png
update link as:-->/2019/01/23/MoblieNetV2/MobileNetV2_Figure4.png
update link as:-->/2019/01/23/MoblieNetV2/MobileNetV2_Figure5.png
update link as:-->/2019/01/23/MoblieNetV2/MobileNetV2_Figure6.png
update link as:-->/2019/01/23/MoblieNetV2/MobileNetV2_Table4.png
update link as:-->/2019/01/23/MoblieNetV2/MobileNetV2_Table5.png
update link as:-->/2019/01/23/MoblieNetV2/MobileNetV2_Table6.png
update link as:-->/2019/01/23/MoblieNetV2/MobileNetV2_Figure1.png
update link as:-->/2019/01/23/MoblieNetV2/MobileNetV2_Figure2.png
update link as:-->/2019/01/23/MoblieNetV2/MobileNetV2_Figure3.png
update link as:-->/2019/01/23/MoblieNetV2/MobileNetV2_Table1.png
update link as:-->/2019/01/23/MoblieNetV2/MobileNetV2_Table2.png
update link as:-->/2019/01/23/MoblieNetV2/MobileNetV2_Figure4.png
update link as:-->/2019/01/23/MoblieNetV2/MobileNetV2_Figure5.png
update link as:-->/2019/01/23/MoblieNetV2/MobileNetV2_Figure6.png
update link as:-->/2019/01/23/MoblieNetV2/MobileNetV2_Table4.png
update link as:-->/2019/01/23/MoblieNetV2/MobileNetV2_Table5.png
update link as:-->/2019/01/23/MoblieNetV2/MobileNetV2_Table6.png
update link as:-->/2019/03/18/Residual-Attention-Network/figure1.png
update link as:-->/2019/03/18/Residual-Attention-Network/figure1.png
update link as:-->/2019/01/23/ShuffleNet/ShuffleNet_figure_1.png
update link as:-->/2019/01/23/ShuffleNet/ShuffleNet_figure_2.png
update link as:-->/2019/01/23/ShuffleNet/ShuffleNet_table_1.png
update link as:-->/2019/01/23/ShuffleNet/ShuffleNet_figure_1.png
update link as:-->/2019/01/23/ShuffleNet/ShuffleNet_figure_2.png
update link as:-->/2019/01/23/ShuffleNet/ShuffleNet_table_1.png
update link as:-->/2019/01/23/ShuffleNetV2/ShuffleNetV2_Figure1.png
update link as:-->/2019/01/23/ShuffleNetV2/ShuffleNetV2_Figure2.png
update link as:-->/2019/01/23/ShuffleNetV2/ShuffleNetV2_table1.png
update link as:-->/2019/01/23/ShuffleNetV2/ShuffleNetV2_table2.png
update link as:-->/2019/01/23/ShuffleNetV2/ShuffleNetV2_table3.png
update link as:-->/2019/01/23/ShuffleNetV2/ShuffleNetV2_table4.png
update link as:-->/2019/01/23/ShuffleNetV2/ShuffleNetV2_Figure3.png
update link as:-->/2019/01/23/ShuffleNetV2/ShuffleNetV2_table5.png
update link as:-->/2019/01/23/ShuffleNetV2/ShuffleNetV2_Figure4.png
update link as:-->/2019/01/23/ShuffleNetV2/ShuffleNetV2_table6.png
update link as:-->/2019/01/23/ShuffleNetV2/ShuffleNetV2_table7.png
update link as:-->/2019/01/23/ShuffleNetV2/ShuffleNetV2_table8.png
update link as:-->/2019/01/23/ShuffleNetV2/ShuffleNetV2_Figure1.png
update link as:-->/2019/01/23/ShuffleNetV2/ShuffleNetV2_Figure2.png
update link as:-->/2019/01/23/ShuffleNetV2/ShuffleNetV2_table1.png
update link as:-->/2019/01/23/ShuffleNetV2/ShuffleNetV2_table2.png
update link as:-->/2019/01/23/ShuffleNetV2/ShuffleNetV2_table3.png
update link as:-->/2019/01/23/ShuffleNetV2/ShuffleNetV2_table4.png
update link as:-->/2019/01/23/ShuffleNetV2/ShuffleNetV2_Figure3.png
update link as:-->/2019/01/23/ShuffleNetV2/ShuffleNetV2_table5.png
update link as:-->/2019/01/23/ShuffleNetV2/ShuffleNetV2_Figure4.png
update link as:-->/2019/01/23/ShuffleNetV2/ShuffleNetV2_table6.png
update link as:-->/2019/01/23/ShuffleNetV2/ShuffleNetV2_table7.png
update link as:-->/2019/01/23/ShuffleNetV2/ShuffleNetV2_table8.png
update link as:-->/2019/05/27/git将本地文件上传到github/Figure1.png
update link as:-->/2019/05/27/git将本地文件上传到github/Figure1.png
update link as:-->/2020/08/04/deepin使用记录/picture1.png
update link as:-->/2020/08/04/deepin使用记录/picture1.png
update link as:-->/2019/07/15/hexo博客记录/快捷键.png
update link as:-->/2019/07/15/hexo博客记录/快捷键.png
update link as:-->/2019/07/16/linux问题集锦/top.png
update link as:-->/2019/07/16/linux问题集锦/htop.png
update link as:-->/2019/07/16/linux问题集锦/僵尸进程.png
update link as:-->/2019/07/16/linux问题集锦/top.png
update link as:-->/2019/07/16/linux问题集锦/htop.png
update link as:-->/2019/07/16/linux问题集锦/僵尸进程.png
update link as:-->/2019/09/06/pytorch数据增广/output_2_0.png
update link as:-->/2019/09/06/pytorch数据增广/output_4_1.png
update link as:-->/2019/09/06/pytorch数据增广/output_5_0.png
update link as:-->/2019/09/06/pytorch数据增广/output_6_1.png
update link as:-->/2019/09/06/pytorch数据增广/output_8_0.png
update link as:-->/2019/09/06/pytorch数据增广/output_9_0.png
update link as:-->/2019/09/06/pytorch数据增广/output_10_0.png
update link as:-->/2019/09/06/pytorch数据增广/output_12_0.png
update link as:-->/2019/09/06/pytorch数据增广/output_13_0.png
update link as:-->/2019/09/06/pytorch数据增广/output_15_0.png
update link as:-->/2019/09/06/pytorch数据增广/output_17_0.png
update link as:-->/2019/09/06/pytorch数据增广/output_18_0.png
update link as:-->/2019/09/06/pytorch数据增广/output_19_0.png
update link as:-->/2019/09/06/pytorch数据增广/output_20_0.png
update link as:-->/2019/09/06/pytorch数据增广/output_21_0.png
update link as:-->/2019/09/06/pytorch数据增广/output_22_0.png
update link as:-->/2019/09/06/pytorch数据增广/output_2_0.png
update link as:-->/2019/09/06/pytorch数据增广/output_4_1.png
update link as:-->/2019/09/06/pytorch数据增广/output_5_0.png
update link as:-->/2019/09/06/pytorch数据增广/output_6_1.png
update link as:-->/2019/09/06/pytorch数据增广/output_8_0.png
update link as:-->/2019/09/06/pytorch数据增广/output_9_0.png
update link as:-->/2019/09/06/pytorch数据增广/output_10_0.png
update link as:-->/2019/09/06/pytorch数据增广/output_12_0.png
update link as:-->/2019/09/06/pytorch数据增广/output_13_0.png
update link as:-->/2019/09/06/pytorch数据增广/output_15_0.png
update link as:-->/2019/09/06/pytorch数据增广/output_17_0.png
update link as:-->/2019/09/06/pytorch数据增广/output_18_0.png
update link as:-->/2019/09/06/pytorch数据增广/output_19_0.png
update link as:-->/2019/09/06/pytorch数据增广/output_20_0.png
update link as:-->/2019/09/06/pytorch数据增广/output_21_0.png
update link as:-->/2019/09/06/pytorch数据增广/output_22_0.png
update link as:-->/2019/08/03/pip安装包以后jupyter不能导入的解决办法/picture1.png
update link as:-->/2019/08/03/pip安装包以后jupyter不能导入的解决办法/picture1.png
update link as:-->/2019/05/29/服务器使用指南/image1.jpg
update link as:-->/2019/05/29/服务器使用指南/image2.jpg
update link as:-->/2019/05/29/服务器使用指南/image3.jpg
update link as:-->/2019/05/29/服务器使用指南/image4.png
update link as:-->/2019/05/29/服务器使用指南/image1.jpg
update link as:-->/2019/05/29/服务器使用指南/image2.jpg
update link as:-->/2019/05/29/服务器使用指南/image3.jpg
update link as:-->/2019/05/29/服务器使用指南/image4.png
update link as:-->/2019/06/26/深度学习目标检测方法汇总/Figuer1.png
update link as:-->/2019/06/26/深度学习目标检测方法汇总/Figuer2.png
update link as:-->/2019/06/26/深度学习目标检测方法汇总/Figuer3.png
update link as:-->/2019/06/26/深度学习目标检测方法汇总/Figuer4.png
update link as:-->/2019/06/26/深度学习目标检测方法汇总/Figuer5.png
update link as:-->/2019/06/26/深度学习目标检测方法汇总/Figuer1.png
update link as:-->/2019/06/26/深度学习目标检测方法汇总/Figuer2.png
update link as:-->/2019/06/26/深度学习目标检测方法汇总/Figuer3.png
update link as:-->/2019/06/26/深度学习目标检测方法汇总/Figuer4.png
update link as:-->/2019/06/26/深度学习目标检测方法汇总/Figuer5.png
update link as:-->/2019/01/23/深度学习笔记/1.jpg
update link as:-->/2019/01/23/深度学习笔记/image_brightened.jpg
update link as:-->/2019/01/23/深度学习笔记/image_colored.jpg
update link as:-->/2019/01/23/深度学习笔记/image_contrasted.jpg
update link as:-->/2019/01/23/深度学习笔记/image_sharped.jpg
update link as:-->/2019/01/23/深度学习笔记/1.jpg
update link as:-->/2019/01/23/深度学习笔记/image_brightened.jpg
update link as:-->/2019/01/23/深度学习笔记/image_colored.jpg
update link as:-->/2019/01/23/深度学习笔记/image_contrasted.jpg
update link as:-->/2019/01/23/深度学习笔记/image_sharped.jpg
update link as:-->/2019/02/27/神经网络结构汇总/LeNet5.png
update link as:-->/2019/02/27/神经网络结构汇总/AlexNet.png
update link as:-->/2019/02/27/神经网络结构汇总/Vgg.png
update link as:-->/2019/02/27/神经网络结构汇总/LeNet5.png
update link as:-->/2019/02/27/神经网络结构汇总/AlexNet.png
update link as:-->/2019/02/27/神经网络结构汇总/Vgg.png
update link as:-->/2019/01/23/面试问题收集/网络协议.png
update link as:-->/2019/01/23/面试问题收集/网络协议.png
INFO  Hexo is running at http://localhost:4000 . Press Ctrl+C to stop.
INFO  Start processing
update link as:-->/2019/07/16/linux问题集锦/top.png
update link as:-->/2019/07/16/linux问题集锦/htop.png
update link as:-->/2019/07/16/linux问题集锦/僵尸进程.png
update link as:-->/2019/07/16/linux问题集锦/top.png
update link as:-->/2019/07/16/linux问题集锦/htop.png
update link as:-->/2019/07/16/linux问题集锦/僵尸进程.png
INFO  Hexo is running at http://localhost:4000 . Press Ctrl+C to stop.
INFO  Farewell
INFO  Start processing
INFO  Hexo is running at http://localhost:4000 . Press Ctrl+C to stop.
INFO  Start processing
INFO  Hexo is running at http://localhost:4000 . Press Ctrl+C to stop.
INFO  Start processing
INFO  Hexo is running at http://localhost:4000 . Press Ctrl+C to stop.
no src attr, skipped...
initialize {
  '0': {
    type: 'tag',
    name: 'img',
    attribs: { src: '', alt: '最长公共子序列' },
    children: [],
    next: null,
    prev: null,
    parent: {
      type: 'tag',
      name: 'p',
      attribs: {},
      children: [Array],
      next: [Object],
      prev: [Object],
      parent: null,
      root: [Object]
    }
  },
  options: {
    ignoreWhitespace: false,
    xmlMode: false,
    lowerCaseTags: false,
    decodeEntities: false,
    withDomLvl1: true,
    normalizeWhitespace: false
  },
  length: 1,
  _root: [Circular]
}
no src attr, skipped...
initialize {
  '0': {
    type: 'tag',
    name: 'img',
    attribs: { src: '', alt: '最长公共子序列' },
    children: [],
    next: null,
    prev: null,
    parent: {
      type: 'tag',
      name: 'p',
      attribs: {},
      children: [Array],
      next: [Object],
      prev: [Object],
      parent: null,
      root: [Object]
    }
  },
  options: {
    ignoreWhitespace: false,
    xmlMode: false,
    lowerCaseTags: false,
    decodeEntities: false,
    withDomLvl1: true,
    normalizeWhitespace: false
  },
  length: 1,
  _root: [Circular]
}
update link as:-->/2020/08/21/数据结构和算法学习/_posts/数据结构和算法学习/最长公共子序列.jpeg
update link as:-->/2020/08/21/数据结构和算法学习/_posts/数据结构和算法学习/最长公共子序列.jpeg
update link as:-->/2020/08/21/数据结构和算法学习/最长公共子序列.jpeg
update link as:-->/2020/08/21/数据结构和算法学习/最长公共子序列.jpeg
update link as:-->/2020/08/21/数据结构和算法学习/最长公共子序列.jpeg
update link as:-->/2020/08/21/数据结构和算法学习/最长公共子序列.jpeg
update link as:-->/2020/08/21/数据结构和算法学习/最长公共子序列.jpeg
update link as:-->/2020/08/21/数据结构和算法学习/最长公共子序列.jpeg
update link as:-->/2020/08/21/数据结构和算法学习/最长公共子序列.jpeg
update link as:-->/2020/08/21/数据结构和算法学习/最长公共子序列.jpeg
update link as:-->/2020/08/21/数据结构和算法学习/最长公共子序列.jpeg
update link as:-->/2020/08/21/数据结构和算法学习/最长公共子序列.jpeg
update link as:-->/2020/08/21/数据结构和算法学习/最长公共子序列.jpeg
update link as:-->/2020/08/21/数据结构和算法学习/最长公共子序列.jpeg
update link as:-->/2020/08/21/数据结构和算法学习/最长公共子序列.jpeg
update link as:-->/2020/08/21/数据结构和算法学习/最长公共子序列.jpeg
update link as:-->/2020/08/21/数据结构和算法学习/最长公共子序列.jpeg
update link as:-->/2020/08/21/数据结构和算法学习/最长公共子序列.jpeg
update link as:-->/2020/08/21/数据结构和算法学习/最长公共子序列.jpeg
update link as:-->/2020/08/21/数据结构和算法学习/最长公共子序列.jpeg
update link as:-->/2020/08/21/数据结构和算法学习/最长公共子序列.jpeg
update link as:-->/2020/08/21/数据结构和算法学习/最长公共子序列.jpeg
update link as:-->/2020/08/21/数据结构和算法学习/最长公共子序列.jpeg
update link as:-->/2020/08/21/数据结构和算法学习/最长公共子序列.jpeg
update link as:-->/2020/08/21/数据结构和算法学习/最长公共子序列.jpeg
update link as:-->/2020/08/21/数据结构和算法学习/最长公共子序列.jpeg
update link as:-->/2020/08/21/数据结构和算法学习/最长公共子序列.jpeg
update link as:-->/2020/08/21/数据结构和算法学习/最长公共子序列.jpeg
update link as:-->/2020/08/21/数据结构和算法学习/最长公共子序列.jpeg
update link as:-->/2020/08/21/数据结构和算法学习/最长公共子序列.jpeg
update link as:-->/2020/08/21/数据结构和算法学习/最长公共子序列.jpeg
update link as:-->/2020/08/21/数据结构和算法学习/最长公共子序列.jpeg
update link as:-->/2020/08/21/数据结构和算法学习/最长公共子序列.jpeg
update link as:-->/2020/08/21/数据结构和算法学习/最长公共子序列.jpeg
update link as:-->/2020/08/21/数据结构和算法学习/最长公共子序列.jpeg
update link as:-->/2020/08/21/数据结构和算法学习/最长公共子序列.jpeg
update link as:-->/2020/08/21/数据结构和算法学习/最长公共子序列.jpeg
update link as:-->/2020/08/21/数据结构和算法学习/最长公共子序列.jpeg
update link as:-->/2020/08/21/数据结构和算法学习/最长公共子序列.jpeg
update link as:-->/2020/08/21/数据结构和算法学习/最长公共子序列.jpeg
update link as:-->/2020/08/21/数据结构和算法学习/最长公共子序列.jpeg
update link as:-->/2020/08/21/数据结构和算法学习/最长公共子序列.jpeg
update link as:-->/2020/08/21/数据结构和算法学习/最长公共子序列.jpeg
update link as:-->/2020/08/21/数据结构和算法学习/最长公共子序列.jpeg
update link as:-->/2020/08/21/数据结构和算法学习/最长公共子序列.jpeg
update link as:-->/2020/08/21/数据结构和算法学习/最长公共子序列.jpeg
update link as:-->/2020/08/21/数据结构和算法学习/最长公共子序列.jpeg
update link as:-->/2020/08/21/数据结构和算法学习/最长公共子序列.jpeg
update link as:-->/2020/08/21/数据结构和算法学习/最长公共子序列.jpeg
update link as:-->/2020/08/21/数据结构和算法学习/最长公共子序列.jpeg
update link as:-->/2020/08/21/数据结构和算法学习/最长公共子序列.jpeg
update link as:-->/2020/08/21/数据结构和算法学习/最长公共子序列.jpeg
update link as:-->/2020/08/21/数据结构和算法学习/最长公共子序列.jpeg
update link as:-->/2020/08/21/数据结构和算法学习/最长公共子序列.jpeg
update link as:-->/2020/08/21/数据结构和算法学习/最长公共子序列.jpeg
update link as:-->/2020/08/21/数据结构和算法学习/最长公共子序列.jpeg
update link as:-->/2020/08/21/数据结构和算法学习/最长公共子序列.jpeg
update link as:-->/2020/08/21/数据结构和算法学习/最长公共子序列.jpeg
update link as:-->/2020/08/21/数据结构和算法学习/最长公共子序列.jpeg
update link as:-->/2020/08/21/数据结构和算法学习/最长公共子序列.jpeg
update link as:-->/2020/08/21/数据结构和算法学习/最长公共子序列.jpeg
update link as:-->/2020/08/21/数据结构和算法学习/最长公共子序列.jpeg
update link as:-->/2020/08/21/数据结构和算法学习/最长公共子序列.jpeg
update link as:-->/2020/08/21/数据结构和算法学习/最长公共子序列.jpeg
update link as:-->/2020/08/21/数据结构和算法学习/最长公共子序列.jpeg
update link as:-->/2020/08/21/数据结构和算法学习/最长公共子序列.jpeg
update link as:-->/2020/08/21/数据结构和算法学习/最长公共子序列.jpeg
update link as:-->/2020/08/21/数据结构和算法学习/最长公共子序列.jpeg
update link as:-->/2020/08/21/数据结构和算法学习/最长公共子序列.jpeg
update link as:-->/2020/08/21/数据结构和算法学习/最长公共子序列.jpeg
update link as:-->/2020/08/21/数据结构和算法学习/最长公共子序列.jpeg
update link as:-->/2020/08/21/数据结构和算法学习/最长公共子序列.jpeg
update link as:-->/2020/08/21/数据结构和算法学习/最长公共子序列.jpeg
update link as:-->/2020/08/21/数据结构和算法学习/最长公共子序列.jpeg
update link as:-->/2020/08/21/数据结构和算法学习/最长公共子序列.jpeg
update link as:-->/2020/08/21/数据结构和算法学习/最长公共子序列.jpeg
update link as:-->/2020/08/21/数据结构和算法学习/最长公共子序列.jpeg
update link as:-->/2020/08/21/数据结构和算法学习/最长公共子序列.jpeg
update link as:-->/2020/08/21/数据结构和算法学习/最长公共子序列.jpeg
update link as:-->/2020/08/21/数据结构和算法学习/最长公共子序列.jpeg
INFO  Start processing
update link as:-->/2019/05/09/CondenseNet/Figure1.png
update link as:-->/2019/05/09/CondenseNet/Figure2.png
update link as:-->/2019/05/09/CondenseNet/Figure3.png
update link as:-->/2019/05/09/CondenseNet/Figure4.png
update link as:-->/2019/05/09/CondenseNet/Figure5.png
update link as:-->/2019/05/09/CondenseNet/Figure6.png
update link as:-->/2019/05/09/CondenseNet/Figure7.png
update link as:-->/2019/05/09/CondenseNet/Figure8.png
update link as:-->/2019/05/09/CondenseNet/Table1.png
update link as:-->/2019/05/09/CondenseNet/Table2.png
update link as:-->/2019/05/09/CondenseNet/Table3.png
update link as:-->/2019/05/09/CondenseNet/Table4.png
update link as:-->/2019/05/09/CondenseNet/Figure1.png
update link as:-->/2019/05/09/CondenseNet/Figure2.png
update link as:-->/2019/05/09/CondenseNet/Figure3.png
update link as:-->/2019/05/09/CondenseNet/Figure4.png
update link as:-->/2019/05/09/CondenseNet/Figure5.png
update link as:-->/2019/05/09/CondenseNet/Figure6.png
update link as:-->/2019/05/09/CondenseNet/Figure7.png
update link as:-->/2019/05/09/CondenseNet/Figure8.png
update link as:-->/2019/05/09/CondenseNet/Table1.png
update link as:-->/2019/05/09/CondenseNet/Table2.png
update link as:-->/2019/05/09/CondenseNet/Table3.png
update link as:-->/2019/05/09/CondenseNet/Table4.png
update link as:-->/2019/07/19/EfficientNet/Figure1.png
update link as:-->/2019/07/19/EfficientNet/Figure2.png
update link as:-->/2019/07/19/EfficientNet/formulate1.png
update link as:-->/2019/07/19/EfficientNet/formulate2.png
update link as:-->/2019/07/19/EfficientNet/Figure3.png
update link as:-->/2019/07/19/EfficientNet/Figure4.png
update link as:-->/2019/07/19/EfficientNet/formulate3.png
update link as:-->/2019/07/19/EfficientNet/Table1.png
update link as:-->/2019/07/19/EfficientNet/Table2.png
update link as:-->/2019/07/19/EfficientNet/Table3.png
update link as:-->/2019/07/19/EfficientNet/Table4.png
update link as:-->/2019/07/19/EfficientNet/Table5.png
update link as:-->/2019/07/19/EfficientNet/Table6.png
update link as:-->/2019/07/19/EfficientNet/Table7.png
update link as:-->/2019/07/19/EfficientNet/Figure5.png
update link as:-->/2019/07/19/EfficientNet/Figure6.png
update link as:-->/2019/07/19/EfficientNet/Figure7.png
update link as:-->/2019/07/19/EfficientNet/Figure8.png
update link as:-->/2019/07/19/EfficientNet/Figure1.png
update link as:-->/2019/07/19/EfficientNet/Figure2.png
update link as:-->/2019/07/19/EfficientNet/formulate1.png
update link as:-->/2019/07/19/EfficientNet/formulate2.png
update link as:-->/2019/07/19/EfficientNet/Figure3.png
update link as:-->/2019/07/19/EfficientNet/Figure4.png
update link as:-->/2019/07/19/EfficientNet/formulate3.png
update link as:-->/2019/07/19/EfficientNet/Table1.png
update link as:-->/2019/07/19/EfficientNet/Table2.png
update link as:-->/2019/07/19/EfficientNet/Table3.png
update link as:-->/2019/07/19/EfficientNet/Table4.png
update link as:-->/2019/07/19/EfficientNet/Table5.png
update link as:-->/2019/07/19/EfficientNet/Table6.png
update link as:-->/2019/07/19/EfficientNet/Table7.png
update link as:-->/2019/07/19/EfficientNet/Figure5.png
update link as:-->/2019/07/19/EfficientNet/Figure6.png
update link as:-->/2019/07/19/EfficientNet/Figure7.png
update link as:-->/2019/07/19/EfficientNet/Figure8.png
update link as:-->/2019/06/03/MobileNetV3/Figure1.png
update link as:-->/2019/06/03/MobileNetV3/Figure2.png
update link as:-->/2019/06/03/MobileNetV3/Figure3.png
update link as:-->/2019/06/03/MobileNetV3/Figure4.png
update link as:-->/2019/06/03/MobileNetV3/Figure1.png
update link as:-->/2019/06/03/MobileNetV3/Figure2.png
update link as:-->/2019/06/03/MobileNetV3/Figure3.png
update link as:-->/2019/06/03/MobileNetV3/Figure4.png
update link as:-->/2019/01/23/MoblieNetV2/MobileNetV2_Figure1.png
update link as:-->/2019/01/23/MoblieNetV2/MobileNetV2_Figure2.png
update link as:-->/2019/01/23/MoblieNetV2/MobileNetV2_Figure3.png
update link as:-->/2019/01/23/MoblieNetV2/MobileNetV2_Table1.png
update link as:-->/2019/01/23/MoblieNetV2/MobileNetV2_Table2.png
update link as:-->/2019/01/23/MoblieNetV2/MobileNetV2_Figure4.png
update link as:-->/2019/01/23/MoblieNetV2/MobileNetV2_Figure5.png
update link as:-->/2019/01/23/MoblieNetV2/MobileNetV2_Figure6.png
update link as:-->/2019/01/23/MoblieNetV2/MobileNetV2_Table4.png
update link as:-->/2019/01/23/MoblieNetV2/MobileNetV2_Table5.png
update link as:-->/2019/01/23/MoblieNetV2/MobileNetV2_Table6.png
update link as:-->/2019/01/23/MoblieNetV2/MobileNetV2_Figure1.png
update link as:-->/2019/01/23/MoblieNetV2/MobileNetV2_Figure2.png
update link as:-->/2019/01/23/MoblieNetV2/MobileNetV2_Figure3.png
update link as:-->/2019/01/23/MoblieNetV2/MobileNetV2_Table1.png
update link as:-->/2019/01/23/MoblieNetV2/MobileNetV2_Table2.png
update link as:-->/2019/01/23/MoblieNetV2/MobileNetV2_Figure4.png
update link as:-->/2019/01/23/MoblieNetV2/MobileNetV2_Figure5.png
update link as:-->/2019/01/23/MoblieNetV2/MobileNetV2_Figure6.png
update link as:-->/2019/01/23/MoblieNetV2/MobileNetV2_Table4.png
update link as:-->/2019/01/23/MoblieNetV2/MobileNetV2_Table5.png
update link as:-->/2019/01/23/MoblieNetV2/MobileNetV2_Table6.png
update link as:-->/2019/03/18/Residual-Attention-Network/figure1.png
update link as:-->/2019/03/18/Residual-Attention-Network/figure1.png
update link as:-->/2019/01/23/ShuffleNet/ShuffleNet_figure_1.png
update link as:-->/2019/01/23/ShuffleNet/ShuffleNet_figure_2.png
update link as:-->/2019/01/23/ShuffleNet/ShuffleNet_table_1.png
update link as:-->/2019/01/23/ShuffleNet/ShuffleNet_figure_1.png
update link as:-->/2019/01/23/ShuffleNet/ShuffleNet_figure_2.png
update link as:-->/2019/01/23/ShuffleNet/ShuffleNet_table_1.png
update link as:-->/2019/01/23/ShuffleNetV2/ShuffleNetV2_Figure1.png
update link as:-->/2019/01/23/ShuffleNetV2/ShuffleNetV2_Figure2.png
update link as:-->/2019/01/23/ShuffleNetV2/ShuffleNetV2_table1.png
update link as:-->/2019/01/23/ShuffleNetV2/ShuffleNetV2_table2.png
update link as:-->/2019/01/23/ShuffleNetV2/ShuffleNetV2_table3.png
update link as:-->/2019/01/23/ShuffleNetV2/ShuffleNetV2_table4.png
update link as:-->/2019/01/23/ShuffleNetV2/ShuffleNetV2_Figure3.png
update link as:-->/2019/01/23/ShuffleNetV2/ShuffleNetV2_table5.png
update link as:-->/2019/01/23/ShuffleNetV2/ShuffleNetV2_Figure4.png
update link as:-->/2019/01/23/ShuffleNetV2/ShuffleNetV2_table6.png
update link as:-->/2019/01/23/ShuffleNetV2/ShuffleNetV2_table7.png
update link as:-->/2019/01/23/ShuffleNetV2/ShuffleNetV2_table8.png
update link as:-->/2019/01/23/ShuffleNetV2/ShuffleNetV2_Figure1.png
update link as:-->/2019/01/23/ShuffleNetV2/ShuffleNetV2_Figure2.png
update link as:-->/2019/01/23/ShuffleNetV2/ShuffleNetV2_table1.png
update link as:-->/2019/01/23/ShuffleNetV2/ShuffleNetV2_table2.png
update link as:-->/2019/01/23/ShuffleNetV2/ShuffleNetV2_table3.png
update link as:-->/2019/01/23/ShuffleNetV2/ShuffleNetV2_table4.png
update link as:-->/2019/01/23/ShuffleNetV2/ShuffleNetV2_Figure3.png
update link as:-->/2019/01/23/ShuffleNetV2/ShuffleNetV2_table5.png
update link as:-->/2019/01/23/ShuffleNetV2/ShuffleNetV2_Figure4.png
update link as:-->/2019/01/23/ShuffleNetV2/ShuffleNetV2_table6.png
update link as:-->/2019/01/23/ShuffleNetV2/ShuffleNetV2_table7.png
update link as:-->/2019/01/23/ShuffleNetV2/ShuffleNetV2_table8.png
update link as:-->/2020/08/04/deepin使用记录/picture1.png
update link as:-->/2020/08/04/deepin使用记录/picture1.png
update link as:-->/2019/05/27/git将本地文件上传到github/Figure1.png
update link as:-->/2019/05/27/git将本地文件上传到github/Figure1.png
update link as:-->/2019/07/15/hexo博客记录/快捷键.png
update link as:-->/2019/07/15/hexo博客记录/快捷键.png
update link as:-->/2019/07/16/linux问题集锦/top.png
update link as:-->/2019/07/16/linux问题集锦/htop.png
update link as:-->/2019/07/16/linux问题集锦/僵尸进程.png
update link as:-->/2019/07/16/linux问题集锦/top.png
update link as:-->/2019/07/16/linux问题集锦/htop.png
update link as:-->/2019/07/16/linux问题集锦/僵尸进程.png
update link as:-->/2019/08/03/pip安装包以后jupyter不能导入的解决办法/picture1.png
update link as:-->/2019/08/03/pip安装包以后jupyter不能导入的解决办法/picture1.png
update link as:-->/2019/09/06/pytorch数据增广/output_2_0.png
update link as:-->/2019/09/06/pytorch数据增广/output_4_1.png
update link as:-->/2019/09/06/pytorch数据增广/output_5_0.png
update link as:-->/2019/09/06/pytorch数据增广/output_6_1.png
update link as:-->/2019/09/06/pytorch数据增广/output_8_0.png
update link as:-->/2019/09/06/pytorch数据增广/output_9_0.png
update link as:-->/2019/09/06/pytorch数据增广/output_10_0.png
update link as:-->/2019/09/06/pytorch数据增广/output_12_0.png
update link as:-->/2019/09/06/pytorch数据增广/output_13_0.png
update link as:-->/2019/09/06/pytorch数据增广/output_15_0.png
update link as:-->/2019/09/06/pytorch数据增广/output_17_0.png
update link as:-->/2019/09/06/pytorch数据增广/output_18_0.png
update link as:-->/2019/09/06/pytorch数据增广/output_19_0.png
update link as:-->/2019/09/06/pytorch数据增广/output_20_0.png
update link as:-->/2019/09/06/pytorch数据增广/output_21_0.png
update link as:-->/2019/09/06/pytorch数据增广/output_22_0.png
update link as:-->/2019/09/06/pytorch数据增广/output_2_0.png
update link as:-->/2019/09/06/pytorch数据增广/output_4_1.png
update link as:-->/2019/09/06/pytorch数据增广/output_5_0.png
update link as:-->/2019/09/06/pytorch数据增广/output_6_1.png
update link as:-->/2019/09/06/pytorch数据增广/output_8_0.png
update link as:-->/2019/09/06/pytorch数据增广/output_9_0.png
update link as:-->/2019/09/06/pytorch数据增广/output_10_0.png
update link as:-->/2019/09/06/pytorch数据增广/output_12_0.png
update link as:-->/2019/09/06/pytorch数据增广/output_13_0.png
update link as:-->/2019/09/06/pytorch数据增广/output_15_0.png
update link as:-->/2019/09/06/pytorch数据增广/output_17_0.png
update link as:-->/2019/09/06/pytorch数据增广/output_18_0.png
update link as:-->/2019/09/06/pytorch数据增广/output_19_0.png
update link as:-->/2019/09/06/pytorch数据增广/output_20_0.png
update link as:-->/2019/09/06/pytorch数据增广/output_21_0.png
update link as:-->/2019/09/06/pytorch数据增广/output_22_0.png
update link as:-->/2019/05/29/服务器使用指南/image1.jpg
update link as:-->/2019/05/29/服务器使用指南/image2.jpg
update link as:-->/2019/05/29/服务器使用指南/image3.jpg
update link as:-->/2019/05/29/服务器使用指南/image4.png
update link as:-->/2019/05/29/服务器使用指南/image1.jpg
update link as:-->/2019/05/29/服务器使用指南/image2.jpg
update link as:-->/2019/05/29/服务器使用指南/image3.jpg
update link as:-->/2019/05/29/服务器使用指南/image4.png
update link as:-->/2020/08/21/数据结构和算法学习/最长公共子序列.jpeg
update link as:-->/2020/08/21/数据结构和算法学习/最长公共子序列.jpeg
update link as:-->/2019/06/26/深度学习目标检测方法汇总/Figuer1.png
update link as:-->/2019/06/26/深度学习目标检测方法汇总/Figuer2.png
update link as:-->/2019/06/26/深度学习目标检测方法汇总/Figuer3.png
update link as:-->/2019/06/26/深度学习目标检测方法汇总/Figuer4.png
update link as:-->/2019/06/26/深度学习目标检测方法汇总/Figuer5.png
update link as:-->/2019/06/26/深度学习目标检测方法汇总/Figuer1.png
update link as:-->/2019/06/26/深度学习目标检测方法汇总/Figuer2.png
update link as:-->/2019/06/26/深度学习目标检测方法汇总/Figuer3.png
update link as:-->/2019/06/26/深度学习目标检测方法汇总/Figuer4.png
update link as:-->/2019/06/26/深度学习目标检测方法汇总/Figuer5.png
update link as:-->/2019/01/23/深度学习笔记/1.jpg
update link as:-->/2019/01/23/深度学习笔记/image_brightened.jpg
update link as:-->/2019/01/23/深度学习笔记/image_colored.jpg
update link as:-->/2019/01/23/深度学习笔记/image_contrasted.jpg
update link as:-->/2019/01/23/深度学习笔记/image_sharped.jpg
update link as:-->/2019/01/23/深度学习笔记/1.jpg
update link as:-->/2019/01/23/深度学习笔记/image_brightened.jpg
update link as:-->/2019/01/23/深度学习笔记/image_colored.jpg
update link as:-->/2019/01/23/深度学习笔记/image_contrasted.jpg
update link as:-->/2019/01/23/深度学习笔记/image_sharped.jpg
update link as:-->/2019/02/27/神经网络结构汇总/LeNet5.png
update link as:-->/2019/02/27/神经网络结构汇总/AlexNet.png
update link as:-->/2019/02/27/神经网络结构汇总/Vgg.png
update link as:-->/2019/02/27/神经网络结构汇总/LeNet5.png
update link as:-->/2019/02/27/神经网络结构汇总/AlexNet.png
update link as:-->/2019/02/27/神经网络结构汇总/Vgg.png
update link as:-->/2019/01/23/面试问题收集/网络协议.png
update link as:-->/2019/01/23/面试问题收集/网络协议.png
INFO  Hexo is running at http://localhost:4000 . Press Ctrl+C to stop.
